<?xml version="1.0" encoding="utf-8"?><testsuites name="pytest tests"><testsuite name="pytest" errors="0" failures="0" skipped="0" tests="7" time="2.742" timestamp="2026-08-18T08:49:35.542394+00:00" hostname="agent-env-822e27e2-e90e-4825-9720-69caf006c539"><testcase classname="tests.test_admin_login" name="test_admin_login_success" time="0.562" /><testcase classname="tests.test_admin_login" name="test_admin_login_wrong_password" time="0.340" /><testcase classname="tests.test_admin_login" name="test_admin_login_unknown_email" time="0.183" /><testcase classname="tests.test_admin_login" name="test_admin_me_with_token" time="0.508" /><testcase classname="tests.test_admin_login" name="test_admin_me_without_token_401" time="0.113" /><testcase classname="tests.test_admin_login" name="test_admin_me_bad_token_401" time="0.106" /><testcase classname="tests.test_admin_login" name="test_staff_login_success" time="0.478" /></testsuite></testsuites>