<?xml version="1.0" encoding="utf-8"?><testsuites name="pytest tests"><testsuite name="pytest" errors="0" failures="0" skipped="0" tests="23" time="4.658" timestamp="2026-09-15T16:56:55.122261+00:00" hostname="agent-env-822e27e2-e90e-4825-9720-69caf006c539"><testcase classname="tests.test_batch8_features.TestCareersResume" name="test_upload_pdf_success" time="0.319" /><testcase classname="tests.test_batch8_features.TestCareersResume" name="test_reject_non_pdf" time="0.078" /><testcase classname="tests.test_batch8_features.TestCareersResume" name="test_reject_oversize" time="0.265" /><testcase classname="tests.test_batch8_features.TestRegisterLicense" name="test_missing_license_doctor" time="0.071" /><testcase classname="tests.test_batch8_features.TestRegisterLicense" name="test_license_required_categories" time="0.240" /><testcase classname="tests.test_batch8_features.TestRegisterLicense" name="test_farmer_no_license_ok" time="1.032" /><testcase classname="tests.test_batch8_features.TestRegisterLicense" name="test_doctor_with_license_ok" time="0.673" /><testcase classname="tests.test_batch8_features.TestReviews" name="test_create_review_pending" time="0.158" /><testcase classname="tests.test_batch8_features.TestReviews" name="test_public_only_shows_approved" time="0.074" /><testcase classname="tests.test_batch8_features.TestReviews" name="test_reject_invalid_rating" time="0.074" /><testcase classname="tests.test_batch8_features.TestReviews" name="test_admin_list_and_approve" time="0.654" /><testcase classname="tests.test_batch8_features.TestReviews" name="test_admin_cleanup" time="0.076" /><testcase classname="tests.test_batch8_features.TestMenu" name="test_save_menu" time="0.088" /><testcase classname="tests.test_batch8_features.TestMenu" name="test_get_menu_public" time="0.074" /><testcase classname="tests.test_batch8_features.TestEmailTemplatesSmtp" name="test_email_templates_save" time="0.080" /><testcase classname="tests.test_batch8_features.TestEmailTemplatesSmtp" name="test_email_templates_blocked_public" time="0.075" /><testcase classname="tests.test_batch8_features.TestEmailTemplatesSmtp" name="test_smtp_blocked_public" time="0.075" /><testcase classname="tests.test_batch8_features.TestEmailTemplatesSmtp" name="test_smtp_admin_save_cc" time="0.080" /><testcase classname="tests.test_batch8_features.TestCatalog" name="test_save_catalog_url" time="0.074" /><testcase classname="tests.test_batch8_features.TestCatalog" name="test_public_catalog_visible" time="0.074" /><testcase classname="tests.test_batch8_features.TestRegression" name="test_products_list" time="0.076" /><testcase classname="tests.test_batch8_features.TestRegression" name="test_guest_gating" time="0.075" /><testcase classname="tests.test_batch8_features.TestRegression" name="test_admin_orders" time="0.087" /></testsuite></testsuites>