<?xml version="1.0" encoding="utf-8"?><testsuites name="pytest tests"><testsuite name="pytest" errors="0" failures="0" skipped="0" tests="12" time="3.813" timestamp="2026-08-20T08:08:19.258688+00:00" hostname="agent-env-822e27e2-e90e-4825-9720-69caf006c539"><testcase classname="tests.test_batch4_features.TestMultiScheme" name="test_free_qty_and_special_price_together" time="1.324" /><testcase classname="tests.test_batch4_features.TestAdminOrders" name="test_create_order" time="1.277" /><testcase classname="tests.test_batch4_features.TestAdminOrders" name="test_edit_order_recomputes" time="0.170" /><testcase classname="tests.test_batch4_features.TestMultiScheme" name="test_lowest_special_price_wins" time="0.217" /><testcase classname="tests.test_batch4_features.TestAdminOrders" name="test_delete_order" time="0.830" /><testcase classname="tests.test_batch4_features.TestMultiScheme" name="test_case_price_scheme_type" time="0.355" /><testcase classname="tests.test_batch4_features.TestMultiScheme" name="test_product_detail_shows_all_active_schemes" time="0.128" /><testcase classname="tests.test_batch4_features.TestRegression" name="test_nerviphos_bm_seeded_scheme" time="0.250" /><testcase classname="tests.test_batch4_features.TestRegression" name="test_admin_login_still_works" time="0.122" /><testcase classname="tests.test_batch4_features.TestSquareUpload" name="test_square_upload_returns_webp" time="0.518" /><testcase classname="tests.test_batch4_features.TestVariantImages" name="test_variant_images_persist" time="1.076" /><testcase classname="tests.test_batch4_features.TestSquareUpload" name="test_non_square_param_still_works" time="0.435" /></testsuite></testsuites>