<?xml version="1.0" encoding="utf-8"?><testsuites name="pytest tests"><testsuite name="pytest" errors="0" failures="0" skipped="0" tests="15" time="3.120" timestamp="2026-09-01T18:36:16.767140+00:00" hostname="agent-env-822e27e2-e90e-4825-9720-69caf006c539"><testcase classname="tests.test_iter10_features.TestDispatchRegister" name="test_list_all_dispatches" time="0.941" /><testcase classname="tests.test_iter10_features.TestDispatchRegister" name="test_filter_by_transport" time="0.203" /><testcase classname="tests.test_iter10_features.TestProductPricing" name="test_get_pricing_matrix" time="1.105" /><testcase classname="tests.test_iter10_features.TestProductPricing" name="test_set_category_rates_persist" time="0.192" /><testcase classname="tests.test_iter10_features.TestDispatchRegister" name="test_filter_by_freight" time="0.138" /><testcase classname="tests.test_iter10_features.TestDispatchRegister" name="test_filter_by_date_range_and_search" time="0.303" /><testcase classname="tests.test_iter10_features.TestProductPricing" name="test_blank_rate_removes_override" time="0.361" /><testcase classname="tests.test_iter10_features.TestDispatchRegister" name="test_filter_no_match_returns_empty" time="0.080" /><testcase classname="tests.test_iter10_features.TestProductPricing" name="test_create_free_qty_offer_and_delete" time="0.328" /><testcase classname="tests.test_iter10_features.TestMessageTemplates" name="test_get_templates_returns_four_keys" time="0.076" /><testcase classname="tests.test_iter10_features.TestMessageTemplates" name="test_update_template_persists" time="0.357" /><testcase classname="tests.test_iter10_features.TestProductPricing" name="test_create_special_price_offer_and_delete" time="0.163" /><testcase classname="tests.test_iter10_features.TestMessageTemplates" name="test_templates_require_auth" time="0.295" /><testcase classname="tests.test_iter10_features.TestProductPricing" name="test_create_offer_missing_buy_free_400" time="0.082" /><testcase classname="tests.test_iter10_features.TestGuestPricingLock" name="test_guest_sees_mrp_only" time="0.196" /></testsuite></testsuites>