<?xml version="1.0" encoding="utf-8"?><testsuites name="pytest tests"><testsuite name="pytest" errors="0" failures="3" skipped="0" tests="5" time="5.452" timestamp="2026-09-15T15:45:48.820050+00:00" hostname="agent-env-822e27e2-e90e-4825-9720-69caf006c539"><testcase classname="tests.test_iter15_guest_view" name="test_health_products_public" time="0.354"><failure message="AssertionError: assert (False)&#10; +  where False = isinstance({'items': [{'id': 'prod-nerviphos-m', 'name': 'NERVIPHOS-M', 'slug': 'nerviphos-m', 'product_code': 'VM-NM', ...}, {'id': 'prod-vetkclor', 'name': 'VETKCLOR', 'slug': 'vetkclor', 'product_code': 'VM-VKC', ...}, {'id': 'prod-mastobliss-tsc', 'name': 'MASTOBLISS-TSC', 'slug': 'mastobliss-tsc', 'product_code': 'VM-MBT', ...}], 'total': 3, 'page': 1, 'limit': 12, ...}, list)">backend/tests/test_iter15_guest_view.py:38: in test_health_products_public
    assert isinstance(data, list) and len(data) &gt; 0
E   AssertionError: assert (False)
E    +  where False = isinstance({'items': [{'id': 'prod-nerviphos-m', 'name': 'NERVIPHOS-M', 'slug': 'nerviphos-m', 'product_code': 'VM-NM', ...}, {'id': 'prod-vetkclor', 'name': 'VETKCLOR', 'slug': 'vetkclor', 'product_code': 'VM-VKC', ...}, {'id': 'prod-mastobliss-tsc', 'name': 'MASTOBLISS-TSC', 'slug': 'mastobliss-tsc', 'product_code': 'VM-MBT', ...}], 'total': 3, 'page': 1, 'limit': 12, ...}, list)</failure></testcase><testcase classname="tests.test_iter15_guest_view" name="test_guest_product_detail_no_price_ordering" time="0.159"><failure message="assert 404 == 200&#10; +  where 404 = &lt;Response [404]&gt;.status_code">backend/tests/test_iter15_guest_view.py:43: in test_guest_product_detail_no_price_ordering
    assert r.status_code == 200
E   assert 404 == 200
E    +  where 404 = &lt;Response [404]&gt;.status_code</failure></testcase><testcase classname="tests.test_iter15_guest_view" name="test_otp_login_flow_gets_your_price" time="1.512"><failure message="assert 404 == 200&#10; +  where 404 = &lt;Response [404]&gt;.status_code">backend/tests/test_iter15_guest_view.py:65: in test_otp_login_flow_gets_your_price
    assert r3.status_code == 200
E   assert 404 == 200
E    +  where 404 = &lt;Response [404]&gt;.status_code</failure></testcase><testcase classname="tests.test_iter15_guest_view" name="test_new_registration_creates_whatsapp_notification" time="2.782" /><testcase classname="tests.test_iter15_guest_view" name="test_duplicate_registration_returns_409" time="0.236" /></testsuite></testsuites>