<?xml version="1.0" encoding="utf-8"?><testsuites name="pytest tests"><testsuite name="pytest" errors="0" failures="0" skipped="0" tests="15" time="2.968" timestamp="2026-08-18T09:08:56.565914+00:00" hostname="agent-env-822e27e2-e90e-4825-9720-69caf006c539"><testcase classname="tests.test_new_features.TestBackup" name="test_backup_stats_super_admin" time="0.681" /><testcase classname="tests.test_new_features.TestUploadWebP" name="test_png_becomes_webp" time="0.937" /><testcase classname="tests.test_new_features.TestBackup" name="test_backup_database_super_admin" time="0.111" /><testcase classname="tests.test_new_features.TestBackup" name="test_backup_images_super_admin" time="0.424" /><testcase classname="tests.test_new_features.TestUploadWebP" name="test_jpeg_becomes_webp" time="0.123" /><testcase classname="tests.test_new_features.TestUploadWebP" name="test_pdf_kept_as_pdf" time="0.096" /><testcase classname="tests.test_new_features.TestUploadWebP" name="test_upload_requires_auth" time="0.117" /><testcase classname="tests.test_new_features.TestBackup" name="test_backup_stats_forbidden_for_staff" time="0.417" /><testcase classname="tests.test_new_features.TestHomepageFeatured" name="test_put_homepage_settings" time="0.605" /><testcase classname="tests.test_new_features.TestBackup" name="test_backup_database_forbidden_for_staff" time="0.116" /><testcase classname="tests.test_new_features.TestBackup" name="test_backup_images_forbidden_for_staff" time="0.110" /><testcase classname="tests.test_new_features.TestBackup" name="test_backup_unauth" time="0.119" /><testcase classname="tests.test_new_features.TestHomepageFeatured" name="test_products_by_ids" time="0.125" /><testcase classname="tests.test_new_features.TestSchemeRegression" name="test_nerviphos_bm_100ml_qty10" time="0.233" /><testcase classname="tests.test_new_features.TestUnitsPerCase" name="test_persist_units_per_case" time="0.644" /></testsuite></testsuites>