<?xml version="1.0" encoding="utf-8"?><testsuites name="pytest tests"><testsuite name="pytest" errors="0" failures="0" skipped="0" tests="14" time="6.729" timestamp="2026-08-26T17:41:58.421430+00:00" hostname="agent-env-822e27e2-e90e-4825-9720-69caf006c539"><testcase classname="tests.test_offers_upsell.TestOffersCRUD" name="test_list_existing_offers" time="0.703" /><testcase classname="tests.test_offers_upsell.TestOffersCRUD" name="test_create_and_delete_free_qty_offer_doctor" time="0.789" /><testcase classname="tests.test_offers_upsell.TestOffersCRUD" name="test_create_offer_validation_missing_buy_free" time="0.149" /><testcase classname="tests.test_offers_upsell.TestOffersCRUD" name="test_create_special_price_offer" time="0.494" /><testcase classname="tests.test_offers_upsell.TestBestOfferMaxFree" name="test_qty_60_picks_offer_with_most_free_units" time="0.267" /><testcase classname="tests.test_offers_upsell.TestBestOfferMaxFree" name="test_qty_22_no_60_tier_uses_best_of_10" time="0.164" /><testcase classname="tests.test_offers_upsell.TestBestOfferMaxFree" name="test_qty_below_all_tiers_zero_free" time="0.197" /><testcase classname="tests.test_offers_upsell.TestCategoryScopedOffers" name="test_guest_sees_public_only" time="0.733" /><testcase classname="tests.test_offers_upsell.TestCategoryScopedOffers" name="test_doctor_sees_category_offer" time="1.393" /><testcase classname="tests.test_offers_upsell.TestUpsell" name="test_upsell_message_at_qty_22" time="0.207" /><testcase classname="tests.test_offers_upsell.TestUpsell" name="test_no_upsell_when_at_tier" time="0.200" /><testcase classname="tests.test_offers_upsell.TestPricingRegression" name="test_guest_public_price" time="0.203" /><testcase classname="tests.test_offers_upsell.TestPricingRegression" name="test_doctor_category_price" time="0.643" /><testcase classname="tests.test_offers_upsell.TestProductDetailSchemes" name="test_active_schemes_present_for_guest" time="0.513" /></testsuite></testsuites>