<?xml version="1.0" encoding="utf-8"?><testsuites name="pytest tests"><testsuite name="pytest" errors="0" failures="0" skipped="0" tests="19" time="7.705" timestamp="2026-08-20T10:03:07.255519+00:00" hostname="agent-env-822e27e2-e90e-4825-9720-69caf006c539"><testcase classname="tests.test_auth_pricing.TestRegistration" name="test_register_creates_pending" time="0.746" /><testcase classname="tests.test_auth_pricing.TestAdminCustomers" name="test_list_customers" time="0.754" /><testcase classname="tests.test_auth_pricing.TestRegistration" name="test_duplicate_mobile_returns_409" time="0.105" /><testcase classname="tests.test_auth_pricing.TestAdminCustomers" name="test_status_filter_pending" time="0.148" /><testcase classname="tests.test_auth_pricing.TestRegistration" name="test_invalid_mobile_400" time="0.136" /><testcase classname="tests.test_auth_pricing.TestAdminCustomers" name="test_pending_count" time="0.153" /><testcase classname="tests.test_auth_pricing.TestOtp" name="test_otp_request_and_verify_unregistered" time="0.428" /><testcase classname="tests.test_auth_pricing.TestAdminCustomers" name="test_full_lifecycle" time="3.614" /><testcase classname="tests.test_auth_pricing.TestOtp" name="test_otp_wrong_rejected" time="0.239" /><testcase classname="tests.test_auth_pricing.TestOtp" name="test_otp_verify_registered_customer" time="0.457" /><testcase classname="tests.test_auth_pricing.TestPasswordLogin" name="test_password_login_success" time="0.545" /><testcase classname="tests.test_auth_pricing.TestPasswordLogin" name="test_wrong_password_401" time="0.365" /><testcase classname="tests.test_auth_pricing.TestPasswordLogin" name="test_lockout_after_5_fails" time="2.592" /><testcase classname="tests.test_auth_pricing.TestAdminCustomers" name="test_pending_customer_can_login" time="0.992" /><testcase classname="tests.test_auth_pricing.TestAdminCustomers" name="test_grandfathered_active" time="0.307" /><testcase classname="tests.test_auth_pricing" name="test_admin_login_works" time="0.000" /><testcase classname="tests.test_auth_pricing.TestPricingSettings" name="test_get_settings" time="0.539" /><testcase classname="tests.test_auth_pricing.TestPricingSettings" name="test_put_settings_persists" time="0.325" /><testcase classname="tests.test_auth_pricing.TestPricingSettings" name="test_toggle_enforcement" time="0.851" /></testsuite></testsuites>