<?xml version="1.0" encoding="utf-8"?><testsuites name="pytest tests"><testsuite name="pytest" errors="0" failures="0" skipped="0" tests="21" time="4.503" timestamp="2026-08-23T18:31:54.012990+00:00" hostname="agent-env-822e27e2-e90e-4825-9720-69caf006c539"><testcase classname="tests.test_pricing_phase2.TestCategoryPricing" name="test_get_matrix" time="1.081" /><testcase classname="tests.test_pricing_phase2.TestCustomerSpecific" name="test_admin_add_customer_price" time="1.382" /><testcase classname="tests.test_pricing_phase2.TestCategoryPricing" name="test_put_and_persist" time="0.258" /><testcase classname="tests.test_pricing_phase2.TestCategoryPricing" name="test_put_blank_clears" time="0.211" /><testcase classname="tests.test_pricing_phase2.TestCustomerSpecific" name="test_doctor_sees_customer_specific" time="0.109" /><testcase classname="tests.test_pricing_phase2.TestCustomerSpecific" name="test_cart_calc_customer_offer" time="0.113" /><testcase classname="tests.test_pricing_phase2.TestCategoryPricing" name="test_ensure_doctor_130" time="0.112" /><testcase classname="tests.test_pricing_phase2.TestCustomerSpecific" name="test_toggle_protected" time="0.572" /><testcase classname="tests.test_pricing_phase2.TestDoctorCategoryPricing" name="test_clear_customer_specific_first" time="0.463" /><testcase classname="tests.test_pricing_phase2.TestDoctorCategoryPricing" name="test_doctor_product_detail_shows_category_price" time="0.122" /><testcase classname="tests.test_pricing_phase2.TestCustomerSpecific" name="test_history_endpoint" time="0.197" /><testcase classname="tests.test_pricing_phase2.TestDoctorCategoryPricing" name="test_doctor_cart_calc_category" time="0.153" /><testcase classname="tests.test_pricing_phase2.TestGuestPricing" name="test_guest_product_detail_no_your_price" time="0.205" /><testcase classname="tests.test_pricing_phase2.TestDoctorCategoryPricing" name="test_doctor_products_list_no_leak" time="0.120" /><testcase classname="tests.test_pricing_phase2.TestPricingSettings" name="test_master_switch_off" time="0.712" /><testcase classname="tests.test_pricing_phase2.TestGuestPricing" name="test_guest_products_list_no_your_price" time="0.125" /><testcase classname="tests.test_pricing_phase2.TestGuestPricing" name="test_guest_cart_calculate_public_source" time="0.110" /><testcase classname="tests.test_pricing_phase2.TestPendingCustomer" name="test_create_pending_and_verify_public" time="0.872" /><testcase classname="tests.test_pricing_phase2.TestPricingSettings" name="test_customer_specific_off_falls_back_to_category" time="0.636" /><testcase classname="tests.test_pricing_phase2.TestFinalRestore" name="test_restore_doctor_pricing" time="0.117" /><testcase classname="tests.test_pricing_phase2.TestOrderPricing" name="test_order_reorder_uses_customer_price" time="0.117" /></testsuite></testsuites>