<?xml version="1.0" encoding="utf-8"?><testsuites name="pytest tests"><testsuite name="pytest" errors="0" failures="0" skipped="0" tests="16" time="10.019" timestamp="2026-08-26T17:14:46.109646+00:00" hostname="agent-env-822e27e2-e90e-4825-9720-69caf006c539"><testcase classname="tests.test_pricing_phase3.TestPricingPriority" name="test_guest_gets_public" time="0.363" /><testcase classname="tests.test_pricing_phase3.TestPricingPriority" name="test_doctor_category_only_falls_back_to_category" time="1.564" /><testcase classname="tests.test_pricing_phase3.TestPricingPriority" name="test_doctor_customer_specific_takes_priority" time="0.522" /><testcase classname="tests.test_pricing_phase3.TestAdminOrderEdit" name="test_edit_order_manual_override" time="0.332" /><testcase classname="tests.test_pricing_phase3.TestAdminOrderEdit" name="test_edit_order_with_update_customer_pricing" time="0.662" /><testcase classname="tests.test_pricing_phase3.TestAdminOrderEdit" name="test_snapshot_integrity_after_pricing_change" time="0.612" /><testcase classname="tests.test_pricing_phase3.TestAdminOrderEdit" name="test_doctor_your_price_reflects_last_confirmed" time="0.343" /><testcase classname="tests.test_pricing_phase3.TestCategoryChange" name="test_preview_lists_affected" time="0.338" /><testcase classname="tests.test_pricing_phase3.TestCategoryChange" name="test_apply_keep_protected_resets_non_protected" time="0.650" /><testcase classname="tests.test_pricing_phase3.TestCategoryChange" name="test_apply_keep_protected_preserves_protected" time="0.494" /><testcase classname="tests.test_pricing_phase3.TestCategoryChange" name="test_apply_keep_all" time="0.550" /><testcase classname="tests.test_pricing_phase3.TestCategoryChange" name="test_apply_reset_all_removes_protected_too" time="0.530" /><testcase classname="tests.test_pricing_phase3.TestCategoryChange" name="test_preview_no_affected_when_no_customer_price" time="0.369" /><testcase classname="tests.test_pricing_phase3.TestCategoryChange" name="test_customer_level_price_protected_treated_protected" time="0.864" /><testcase classname="tests.test_pricing_phase3.TestQuotationConvert" name="test_convert_writes_last_confirmed" time="0.690" /><testcase classname="tests.test_pricing_phase3" name="test_zz_final_restore" time="1.046" /></testsuite></testsuites>