<?xml version="1.0" encoding="utf-8"?><testsuites name="pytest tests"><testsuite name="pytest" errors="0" failures="0" skipped="0" tests="31" time="3.968" timestamp="2026-08-17T15:35:54.884304+00:00" hostname="agent-env-822e27e2-e90e-4825-9720-69caf006c539"><testcase classname="tests.test_vetmech_backend.TestAuth" name="test_admin_login_success" time="0.681" /><testcase classname="tests.test_vetmech_backend.TestAuth" name="test_admin_login_bad_password" time="0.300" /><testcase classname="tests.test_vetmech_backend.TestAdminCRUD" name="test_create_category" time="1.010" /><testcase classname="tests.test_vetmech_backend.TestAdminCRUD" name="test_create_brand" time="0.280" /><testcase classname="tests.test_vetmech_backend.TestAuth" name="test_admin_me" time="0.354" /><testcase classname="tests.test_vetmech_backend.TestAdminCRUD" name="test_create_unit" time="0.077" /><testcase classname="tests.test_vetmech_backend.TestAuth" name="test_admin_me_no_token" time="0.066" /><testcase classname="tests.test_vetmech_backend.TestAdminCRUD" name="test_create_news" time="0.117" /><testcase classname="tests.test_vetmech_backend.TestCatalog" name="test_list_products" time="0.072" /><testcase classname="tests.test_vetmech_backend.TestCatalog" name="test_categories" time="0.069" /><testcase classname="tests.test_vetmech_backend.TestAdminCRUD" name="test_list_schemes" time="0.080" /><testcase classname="tests.test_vetmech_backend.TestCatalog" name="test_product_detail_by_slug" time="0.078" /><testcase classname="tests.test_vetmech_backend.TestCatalog" name="test_search" time="0.069" /><testcase classname="tests.test_vetmech_backend.TestSettings" name="test_public_company" time="0.056" /><testcase classname="tests.test_vetmech_backend.TestSettings" name="test_public_whatsapp_forbidden" time="0.062" /><testcase classname="tests.test_vetmech_backend.TestSettings" name="test_admin_company" time="0.099" /><testcase classname="tests.test_vetmech_backend.TestSettings" name="test_admin_whatsapp" time="0.064" /><testcase classname="tests.test_vetmech_backend.TestOrders" name="test_create_order" time="0.383" /><testcase classname="tests.test_vetmech_backend.TestOrders" name="test_order_appears_in_admin_list" time="0.082" /><testcase classname="tests.test_vetmech_backend.TestOrders" name="test_returning_customer_login" time="0.209" /><testcase classname="tests.test_vetmech_backend.TestSchemes" name="test_nerviphos_10_plus_5" time="0.175" /><testcase classname="tests.test_vetmech_backend.TestSchemes" name="test_vetkclor_5_plus_1" time="0.055" /><testcase classname="tests.test_vetmech_backend.TestSchemes" name="test_mastobliss_special_price" time="0.064" /><testcase classname="tests.test_vetmech_backend.TestOrders" name="test_orders_mine_and_reorder" time="0.342" /><testcase classname="tests.test_vetmech_backend.TestForms" name="test_enquiry_submit" time="0.177" /><testcase classname="tests.test_vetmech_backend.TestForms" name="test_career_apply" time="0.178" /><testcase classname="tests.test_vetmech_backend.TestOtp" name="test_otp_new_customer" time="0.200" /><testcase classname="tests.test_vetmech_backend.TestOtp" name="test_otp_invalid" time="0.167" /><testcase classname="tests.test_vetmech_backend.TestAdminOrderMgmt" name="test_status_change" time="0.359" /><testcase classname="tests.test_vetmech_backend.TestAdminDashboard" name="test_dashboard" time="0.127" /><testcase classname="tests.test_vetmech_backend.TestAdminProduct" name="test_create_update_delete_product" time="0.324" /></testsuite></testsuites>