<?xml version="1.0" encoding="utf-8"?><testsuites name="pytest tests"><testsuite name="pytest" errors="0" failures="0" skipped="0" tests="15" time="1.884" timestamp="2026-08-20T08:32:02.200399+00:00" hostname="agent-env-822e27e2-e90e-4825-9720-69caf006c539"><testcase classname="tests.test_quotations.TestDashboardAndList" name="test_dashboard" time="0.709" /><testcase classname="tests.test_quotations.TestDashboardAndList" name="test_list" time="0.053" /><testcase classname="tests.test_quotations.TestDashboardAndList" name="test_list_status_filter" time="0.052" /><testcase classname="tests.test_quotations.TestQuotationLifecycle" name="test_create" time="0.157" /><testcase classname="tests.test_quotations.TestQuotationLifecycle" name="test_get" time="0.052" /><testcase classname="tests.test_quotations.TestQuotationLifecycle" name="test_update_recomputes" time="0.107" /><testcase classname="tests.test_quotations.TestQuotationLifecycle" name="test_status_patch" time="0.107" /><testcase classname="tests.test_quotations.TestQuotationLifecycle" name="test_send_email" time="0.058" /><testcase classname="tests.test_quotations.TestQuotationLifecycle" name="test_send_whatsapp" time="0.055" /><testcase classname="tests.test_quotations.TestQuotationLifecycle" name="test_pdf" time="0.058" /><testcase classname="tests.test_quotations.TestQuotationLifecycle" name="test_duplicate" time="0.062" /><testcase classname="tests.test_quotations.TestQuotationLifecycle" name="test_convert" time="0.104" /><testcase classname="tests.test_quotations.TestQuotationLifecycle" name="test_delete_draft_dup" time="0.100" /><testcase classname="tests.test_quotations.TestQuotationLifecycle" name="test_delete_accepted_as_super_admin" time="0.051" /><testcase classname="tests.test_quotations.TestSettings" name="test_get_and_update" time="0.086" /></testsuite></testsuites>