<?xml version="1.0" encoding="utf-8"?><testsuites name="pytest tests"><testsuite name="pytest" errors="0" failures="0" skipped="0" tests="8" time="2.934" timestamp="2026-09-16T03:58:34.458983+00:00" hostname="agent-env-822e27e2-e90e-4825-9720-69caf006c539"><testcase classname="tests.test_seo_p0" name="test_sitemap_valid_xml_with_site_url" time="0.280" /><testcase classname="tests.test_seo_p0" name="test_robots_disallows_and_sitemap_line" time="0.131" /><testcase classname="tests.test_seo_p0" name="test_seo_settings_save_and_read" time="0.640" /><testcase classname="tests.test_seo_p0" name="test_product_seo_faq_persists" time="0.570" /><testcase classname="tests.test_seo_p0" name="test_category_seo_group_persists" time="0.525" /><testcase classname="tests.test_seo_p0" name="test_products_list_ok" time="0.178" /><testcase classname="tests.test_seo_p0" name="test_product_detail_has_variants_and_login_required" time="0.137" /><testcase classname="tests.test_seo_p0" name="test_category_page_lists_products" time="0.139" /></testsuite></testsuites>