<?xml version="1.0" encoding="utf-8"?><testsuites name="pytest tests"><testsuite name="pytest" errors="0" failures="0" skipped="0" tests="26" time="3.519" timestamp="2026-08-17T16:00:39.392458+00:00" hostname="agent-env-822e27e2-e90e-4825-9720-69caf006c539"><testcase classname="tests.test_tickets_backend.TestListTickets" name="test_list_all" time="0.958" /><testcase classname="tests.test_tickets_backend.TestListTickets" name="test_filter_status_open" time="0.084" /><testcase classname="tests.test_tickets_backend.TestListTickets" name="test_filter_status_overdue" time="0.099" /><testcase classname="tests.test_tickets_backend.TestTicketLifecycle" name="test_create" time="1.134" /><testcase classname="tests.test_tickets_backend.TestTicketLifecycle" name="test_appears_in_list" time="0.081" /><testcase classname="tests.test_tickets_backend.TestListTickets" name="test_filter_mine" time="0.148" /><testcase classname="tests.test_tickets_backend.TestTicketLifecycle" name="test_notification_created" time="0.117" /><testcase classname="tests.test_tickets_backend.TestListTickets" name="test_search_q" time="0.110" /><testcase classname="tests.test_tickets_backend.TestTicketLifecycle" name="test_status_in_progress" time="0.116" /><testcase classname="tests.test_tickets_backend.TestConfig" name="test_get_config" time="0.124" /><testcase classname="tests.test_tickets_backend.TestTicketLifecycle" name="test_status_closed_sets_closed_date" time="0.076" /><testcase classname="tests.test_tickets_backend.TestTicketLifecycle" name="test_status_overdue_rejected" time="0.078" /><testcase classname="tests.test_tickets_backend.TestConfig" name="test_update_config" time="0.362" /><testcase classname="tests.test_tickets_backend.TestTicketLifecycle" name="test_add_update_comment" time="0.073" /><testcase classname="tests.test_tickets_backend.TestTicketLifecycle" name="test_attachment_add_delete" time="0.160" /><testcase classname="tests.test_tickets_backend.TestConfig" name="test_staff_list" time="0.271" /><testcase classname="tests.test_tickets_backend.TestCRM" name="test_list_customers" time="0.123" /><testcase classname="tests.test_tickets_backend.TestRoleGating" name="test_staff_can_access_tickets" time="0.439" /><testcase classname="tests.test_tickets_backend.TestRoleGating" name="test_staff_can_access_dashboard" time="0.097" /><testcase classname="tests.test_tickets_backend.TestRoleGating" name="test_unauth_rejected" time="0.077" /><testcase classname="tests.test_tickets_backend.TestCRM" name="test_get_customer_stats" time="0.208" /><testcase classname="tests.test_tickets_backend.TestNotifications" name="test_list" time="0.074" /><testcase classname="tests.test_tickets_backend.TestCRM" name="test_create_customer" time="0.384" /><testcase classname="tests.test_tickets_backend.TestNotifications" name="test_read_all" time="0.120" /><testcase classname="tests.test_tickets_backend.TestReports" name="test_reports" time="0.125" /><testcase classname="tests.test_tickets_backend.TestDashboard" name="test_dashboard_kpis" time="0.113" /></testsuite></testsuites>